<?xml version="1.0" encoding="UTF-8"?>
<testsuite name="com.afkl.travel.exercise.client.LocationServiceRestClientTest" tests="2" skipped="0" failures="0" errors="0" timestamp="2020-01-19T20:31:05" hostname="LAPTOP-1B9F593L" time="0.154">
  <properties/>
  <testcase name="getAirports_ShouldServiceNotFound_ForServiceNotUp" classname="com.afkl.travel.exercise.client.LocationServiceRestClientTest" time="0.143"/>
  <testcase name="getAirports_ShouldSuccessful_ForValidCountry" classname="com.afkl.travel.exercise.client.LocationServiceRestClientTest" time="0.008"/>
  <system-out><![CDATA[2020-01-19T21:31:03.805+0100|| INFO Neither @ContextConfiguration nor @ContextHierarchy found for test class [com.afkl.travel.exercise.client.LocationServiceRestClientTest], using DelegatingSmartContextLoader
2020-01-19T21:31:03.829+0100|| INFO Could not detect default resource locations for test class [com.afkl.travel.exercise.client.LocationServiceRestClientTest]: no resource found for suffixes {-context.xml}.
2020-01-19T21:31:03.834+0100|| INFO Could not detect default configuration classes for test class [com.afkl.travel.exercise.client.LocationServiceRestClientTest]: LocationServiceRestClientTest does not declare any static, non-private, non-final, nested classes annotated with @Configuration.
2020-01-19T21:31:03.916+0100|| INFO Loaded default TestExecutionListener class names from location [META-INF/spring.factories]: [org.springframework.boot.test.autoconfigure.restdocs.RestDocsTestExecutionListener, org.springframework.boot.test.autoconfigure.web.client.MockRestServiceServerResetTestExecutionListener, org.springframework.boot.test.autoconfigure.web.servlet.MockMvcPrintOnlyOnFailureTestExecutionListener, org.springframework.boot.test.autoconfigure.web.servlet.WebDriverTestExecutionListener, org.springframework.boot.test.mock.mockito.MockitoTestExecutionListener, org.springframework.boot.test.mock.mockito.ResetMocksTestExecutionListener, org.springframework.test.context.web.ServletTestExecutionListener, org.springframework.test.context.support.DirtiesContextBeforeModesTestExecutionListener, org.springframework.test.context.support.DependencyInjectionTestExecutionListener, org.springframework.test.context.support.DirtiesContextTestExecutionListener, org.springframework.test.context.transaction.TransactionalTestExecutionListener, org.springframework.test.context.jdbc.SqlScriptsTestExecutionListener]
2020-01-19T21:31:03.959+0100|| INFO Using TestExecutionListeners: [org.springframework.test.context.web.ServletTestExecutionListener@12bdbb5a, org.springframework.test.context.support.DirtiesContextBeforeModesTestExecutionListener@42c520c3, org.springframework.boot.test.mock.mockito.MockitoTestExecutionListener@3e0ce525, org.springframework.test.context.support.DependencyInjectionTestExecutionListener@5ac6ffc0, org.springframework.test.context.support.DirtiesContextTestExecutionListener@25def8a9, org.springframework.test.context.transaction.TransactionalTestExecutionListener@4e7607e9, org.springframework.test.context.jdbc.SqlScriptsTestExecutionListener@170ae6cf, org.springframework.boot.test.autoconfigure.restdocs.RestDocsTestExecutionListener@7a5f2311, org.springframework.boot.test.autoconfigure.web.client.MockRestServiceServerResetTestExecutionListener@28968743, org.springframework.boot.test.autoconfigure.web.servlet.MockMvcPrintOnlyOnFailureTestExecutionListener@562194f7, org.springframework.boot.test.autoconfigure.web.servlet.WebDriverTestExecutionListener@165d3c62, org.springframework.boot.test.mock.mockito.ResetMocksTestExecutionListener@1599d213]
2020-01-19T21:31:05.745+0100|| ERROR request id in getAirportsLocation with country : US end up with exception :Exception occurred while fetching airports
]]></system-out>
  <system-err><![CDATA[]]></system-err>
</testsuite>
