<?xml version="1.0" encoding="UTF-8"?>
<testsuite name="com.afkl.travel.exercise.ApplicationTest" tests="1" skipped="0" failures="0" errors="0" timestamp="2020-01-19T20:31:02" hostname="LAPTOP-1B9F593L" time="0.003">
  <properties/>
  <testcase name="contextLoads" classname="com.afkl.travel.exercise.ApplicationTest" time="0.003"/>
  <system-out><![CDATA[]]></system-out>
  <system-err><![CDATA[]]></system-err>
</testsuite>
