<?xml version="1.0" encoding="UTF-8"?>
<testsuite name="com.afkl.travel.exercise.service.LocationServiceTest" tests="5" skipped="0" failures="0" errors="0" timestamp="2020-01-19T20:31:05" hostname="LAPTOP-1B9F593L" time="0.073">
  <properties/>
  <testcase name="getLocationByTypeAndCode_ShouldSuccessFull_ForAValidTypeAndCode" classname="com.afkl.travel.exercise.service.LocationServiceTest" time="0.019"/>
  <testcase name="getLocations_ShouldSuccessFull" classname="com.afkl.travel.exercise.service.LocationServiceTest" time="0.01"/>
  <testcase name="getLocationByTypeAndCode_ShouldFail_ForInvalidTypeAndCode" classname="com.afkl.travel.exercise.service.LocationServiceTest" time="0.015"/>
  <testcase name="getAirportsByCountryName_ShouldSuccessful_ForValidCountry" classname="com.afkl.travel.exercise.service.LocationServiceTest" time="0.009"/>
  <testcase name="getAirportsByCountryName_ShouldFail_ForInvalidCountry" classname="com.afkl.travel.exercise.service.LocationServiceTest" time="0.006"/>
  <system-out><![CDATA[2020-01-19T21:31:05.777+0100|| INFO Neither @ContextConfiguration nor @ContextHierarchy found for test class [com.afkl.travel.exercise.service.LocationServiceTest], using DelegatingSmartContextLoader
2020-01-19T21:31:05.780+0100|| INFO Could not detect default resource locations for test class [com.afkl.travel.exercise.service.LocationServiceTest]: no resource found for suffixes {-context.xml}.
2020-01-19T21:31:05.782+0100|| INFO Could not detect default configuration classes for test class [com.afkl.travel.exercise.service.LocationServiceTest]: LocationServiceTest does not declare any static, non-private, non-final, nested classes annotated with @Configuration.
2020-01-19T21:31:05.793+0100|| INFO Loaded default TestExecutionListener class names from location [META-INF/spring.factories]: [org.springframework.boot.test.autoconfigure.restdocs.RestDocsTestExecutionListener, org.springframework.boot.test.autoconfigure.web.client.MockRestServiceServerResetTestExecutionListener, org.springframework.boot.test.autoconfigure.web.servlet.MockMvcPrintOnlyOnFailureTestExecutionListener, org.springframework.boot.test.autoconfigure.web.servlet.WebDriverTestExecutionListener, org.springframework.boot.test.mock.mockito.MockitoTestExecutionListener, org.springframework.boot.test.mock.mockito.ResetMocksTestExecutionListener, org.springframework.test.context.web.ServletTestExecutionListener, org.springframework.test.context.support.DirtiesContextBeforeModesTestExecutionListener, org.springframework.test.context.support.DependencyInjectionTestExecutionListener, org.springframework.test.context.support.DirtiesContextTestExecutionListener, org.springframework.test.context.transaction.TransactionalTestExecutionListener, org.springframework.test.context.jdbc.SqlScriptsTestExecutionListener]
2020-01-19T21:31:05.796+0100|| INFO Using TestExecutionListeners: [org.springframework.test.context.web.ServletTestExecutionListener@41dd335c, org.springframework.test.context.support.DirtiesContextBeforeModesTestExecutionListener@57654a4e, org.springframework.boot.test.mock.mockito.MockitoTestExecutionListener@4f8b26a0, org.springframework.test.context.support.DependencyInjectionTestExecutionListener@50d01e04, org.springframework.test.context.support.DirtiesContextTestExecutionListener@783f9091, org.springframework.test.context.transaction.TransactionalTestExecutionListener@5f592e2, org.springframework.test.context.jdbc.SqlScriptsTestExecutionListener@13dd1ada, org.springframework.boot.test.autoconfigure.restdocs.RestDocsTestExecutionListener@43ad069b, org.springframework.boot.test.autoconfigure.web.client.MockRestServiceServerResetTestExecutionListener@4792ad67, org.springframework.boot.test.autoconfigure.web.servlet.MockMvcPrintOnlyOnFailureTestExecutionListener@6ed955f5, org.springframework.boot.test.autoconfigure.web.servlet.WebDriverTestExecutionListener@1529893e, org.springframework.boot.test.mock.mockito.ResetMocksTestExecutionListener@3e9bccde]
2020-01-19T21:31:05.916+0100|| INFO request id successfully return location by type and code
2020-01-19T21:31:05.937+0100|| INFO request successfully return location
2020-01-19T21:31:05.971+0100|| INFO request id successfully return airports name
]]></system-out>
  <system-err><![CDATA[]]></system-err>
</testsuite>
